<?xml version="1.0" encoding="UTF-8"?>
<testng-results skipped="0" failed="0" ignored="0" total="1" passed="1">
  <reporter-output>
  </reporter-output>
  <suite name="Default suite" duration-ms="7934" started-at="2019-05-14T21:35:19Z" finished-at="2019-05-14T21:35:27Z">
    <groups>
    </groups>
    <test name="Default test" duration-ms="7934" started-at="2019-05-14T21:35:19Z" finished-at="2019-05-14T21:35:27Z">
      <class name="com.bookit.tests.everythingToTry">
        <test-method status="PASS" signature="trying()[pri:0, instance:com.bookit.tests.everythingToTry@204f30ec]" name="trying" duration-ms="7886" started-at="2019-05-14T21:35:19Z" finished-at="2019-05-14T21:35:27Z">
          <reporter-output>
          </reporter-output>
        </test-method> <!-- trying -->
      </class> <!-- com.bookit.tests.everythingToTry -->
    </test> <!-- Default test -->
  </suite> <!-- Default suite -->
</testng-results>
